<?xml version="1.0" encoding="UTF-8"?>
<testng-results skipped="0" failed="0" total="1" passed="1">
  <reporter-output>
  </reporter-output>
  <suite name="testing" duration-ms="204509" started-at="2018-03-06T16:09:23Z" finished-at="2018-03-06T16:12:48Z">
    <groups>
    </groups>
    <test name="test1" duration-ms="204509" started-at="2018-03-06T16:09:23Z" finished-at="2018-03-06T16:12:48Z">
      <class name="script.ScriptRunner">
        <test-method status="PASS" signature="setup(java.lang.String)[pri:0, instance:script.ScriptRunner@17ed40e0]" name="setup" is-config="true" duration-ms="20941" started-at="2018-03-06T21:39:02Z" finished-at="2018-03-06T21:39:23Z">
          <params>
            <param index="0">
              <value>
                <![CDATA[src/config/Config.xlsx]]>
              </value>
            </param>
          </params>
          <reporter-output>
          </reporter-output>
        </test-method> <!-- setup -->
        <test-method status="PASS" signature="executeTestCase(java.lang.String, java.lang.String)[pri:0, instance:script.ScriptRunner@17ed40e0]" name="executeTestCase" duration-ms="204494" started-at="2018-03-06T21:39:23Z" finished-at="2018-03-06T21:42:48Z">
          <params>
            <param index="0">
              <value>
                <![CDATA[src/datasheet/Ebay.xlsx]]>
              </value>
            </param>
            <param index="1">
              <value>
                <![CDATA[device1]]>
              </value>
            </param>
          </params>
          <reporter-output>
          </reporter-output>
        </test-method> <!-- executeTestCase -->
        <test-method status="PASS" signature="tearDown()[pri:0, instance:script.ScriptRunner@17ed40e0]" name="tearDown" is-config="true" duration-ms="9183" started-at="2018-03-06T21:42:48Z" finished-at="2018-03-06T21:42:57Z">
          <reporter-output>
          </reporter-output>
        </test-method> <!-- tearDown -->
      </class> <!-- script.ScriptRunner -->
    </test> <!-- test1 -->
  </suite> <!-- testing -->
</testng-results>
